Performing C SOURCE FILE Test CMAKE_HAVE_LIBC_PTHREAD failed with the following output:
Change Dir: /home/hitcrt/Documents/Homework/work2/build/CMakeFiles/CMakeScratch/TryCompile-Z9mpHY

Run Build Command(s):/usr/bin/make -f Makefile cmTC_879fc/fast && /usr/bin/make  -f CMakeFiles/cmTC_879fc.dir/build.make CMakeFiles/cmTC_879fc.dir/build
make[1]: Entering directory '/home/hitcrt/Documents/Homework/work2/build/CMakeFiles/CMakeScratch/TryCompile-Z9mpHY'
Building C object CMakeFiles/cmTC_879fc.dir/src.c.o
/usr/bin/cc -DCMAKE_HAVE_LIBC_PTHREAD   -o CMakeFiles/cmTC_879fc.dir/src.c.o -c /home/hitcrt/Documents/Homework/work2/build/CMakeFiles/CMakeScratch/TryCompile-Z9mpHY/src.c
Linking C executable cmTC_879fc
/usr/bin/cmake -E cmake_link_script CMakeFiles/cmTC_879fc.dir/link.txt --verbose=1
/usr/bin/cc CMakeFiles/cmTC_879fc.dir/src.c.o -o cmTC_879fc 
/usr/bin/ld: CMakeFiles/cmTC_879fc.dir/src.c.o: in function `main':
src.c:(.text+0x46): undefined reference to `pthread_create'
/usr/bin/ld: src.c:(.text+0x52): undefined reference to `pthread_detach'
/usr/bin/ld: src.c:(.text+0x5e): undefined reference to `pthread_cancel'
/usr/bin/ld: src.c:(.text+0x6f): undefined reference to `pthread_join'
collect2: error: ld returned 1 exit status
make[1]: *** [CMakeFiles/cmTC_879fc.dir/build.make:99: cmTC_879fc] Error 1
make[1]: Leaving directory '/home/hitcrt/Documents/Homework/work2/build/CMakeFiles/CMakeScratch/TryCompile-Z9mpHY'
make: *** [Makefile:127: cmTC_879fc/fast] Error 2


Source file was:
#include <pthread.h>

static void* test_func(void* data)
{
  return data;
}

int main(void)
{
  pthread_t thread;
  pthread_create(&thread, NULL, test_func, NULL);
  pthread_detach(thread);
  pthread_cancel(thread);
  pthread_join(thread, NULL);
  pthread_atfork(NULL, NULL, NULL);
  pthread_exit(NULL);

  return 0;
}


Determining if the function pthread_create exists in the pthreads failed with the following output:
Change Dir: /home/hitcrt/Documents/Homework/work2/build/CMakeFiles/CMakeScratch/TryCompile-gwakGZ

Run Build Command(s):/usr/bin/make -f Makefile cmTC_ef601/fast && /usr/bin/make  -f CMakeFiles/cmTC_ef601.dir/build.make CMakeFiles/cmTC_ef601.dir/build
make[1]: Entering directory '/home/hitcrt/Documents/Homework/work2/build/CMakeFiles/CMakeScratch/TryCompile-gwakGZ'
Building C object CMakeFiles/cmTC_ef601.dir/CheckFunctionExists.c.o
/usr/bin/cc   -DCHECK_FUNCTION_EXISTS=pthread_create -o CMakeFiles/cmTC_ef601.dir/CheckFunctionExists.c.o -c /home/hitcrt/Documents/Homework/work2/build/CMakeFiles/CMakeScratch/TryCompile-gwakGZ/CheckFunctionExists.c
Linking C executable cmTC_ef601
/usr/bin/cmake -E cmake_link_script CMakeFiles/cmTC_ef601.dir/link.txt --verbose=1
/usr/bin/cc  -DCHECK_FUNCTION_EXISTS=pthread_create CMakeFiles/cmTC_ef601.dir/CheckFunctionExists.c.o -o cmTC_ef601  -lpthreads 
/usr/bin/ld: cannot find -lpthreads
collect2: error: ld returned 1 exit status
make[1]: *** [CMakeFiles/cmTC_ef601.dir/build.make:99: cmTC_ef601] Error 1
make[1]: Leaving directory '/home/hitcrt/Documents/Homework/work2/build/CMakeFiles/CMakeScratch/TryCompile-gwakGZ'
make: *** [Makefile:127: cmTC_ef601/fast] Error 2



