Performing C SOURCE FILE Test CMAKE_HAVE_LIBC_PTHREAD failed with the following output:
Change Dir: /home/hitcrt/Documents/Homework/work3/build/CMakeFiles/CMakeScratch/TryCompile-ME9GIR

Run Build Command(s):/usr/bin/make -f Makefile cmTC_5aa62/fast && /usr/bin/make  -f CMakeFiles/cmTC_5aa62.dir/build.make CMakeFiles/cmTC_5aa62.dir/build
make[1]: Entering directory '/home/hitcrt/Documents/Homework/work3/build/CMakeFiles/CMakeScratch/TryCompile-ME9GIR'
Building C object CMakeFiles/cmTC_5aa62.dir/src.c.o
/usr/bin/cc -DCMAKE_HAVE_LIBC_PTHREAD   -o CMakeFiles/cmTC_5aa62.dir/src.c.o -c /home/hitcrt/Documents/Homework/work3/build/CMakeFiles/CMakeScratch/TryCompile-ME9GIR/src.c
Linking C executable cmTC_5aa62
/usr/bin/cmake -E cmake_link_script CMakeFiles/cmTC_5aa62.dir/link.txt --verbose=1
/usr/bin/cc CMakeFiles/cmTC_5aa62.dir/src.c.o -o cmTC_5aa62 
/usr/bin/ld: CMakeFiles/cmTC_5aa62.dir/src.c.o: in function `main':
src.c:(.text+0x46): undefined reference to `pthread_create'
/usr/bin/ld: src.c:(.text+0x52): undefined reference to `pthread_detach'
/usr/bin/ld: src.c:(.text+0x5e): undefined reference to `pthread_cancel'
/usr/bin/ld: src.c:(.text+0x6f): undefined reference to `pthread_join'
collect2: error: ld returned 1 exit status
make[1]: *** [CMakeFiles/cmTC_5aa62.dir/build.make:99: cmTC_5aa62] Error 1
make[1]: Leaving directory '/home/hitcrt/Documents/Homework/work3/build/CMakeFiles/CMakeScratch/TryCompile-ME9GIR'
make: *** [Makefile:127: cmTC_5aa62/fast] Error 2


Source file was:
#include <pthread.h>

static void* test_func(void* data)
{
  return data;
}

int main(void)
{
  pthread_t thread;
  pthread_create(&thread, NULL, test_func, NULL);
  pthread_detach(thread);
  pthread_cancel(thread);
  pthread_join(thread, NULL);
  pthread_atfork(NULL, NULL, NULL);
  pthread_exit(NULL);

  return 0;
}


Determining if the function pthread_create exists in the pthreads failed with the following output:
Change Dir: /home/hitcrt/Documents/Homework/work3/build/CMakeFiles/CMakeScratch/TryCompile-TtQlNS

Run Build Command(s):/usr/bin/make -f Makefile cmTC_bc81f/fast && /usr/bin/make  -f CMakeFiles/cmTC_bc81f.dir/build.make CMakeFiles/cmTC_bc81f.dir/build
make[1]: Entering directory '/home/hitcrt/Documents/Homework/work3/build/CMakeFiles/CMakeScratch/TryCompile-TtQlNS'
Building C object CMakeFiles/cmTC_bc81f.dir/CheckFunctionExists.c.o
/usr/bin/cc   -DCHECK_FUNCTION_EXISTS=pthread_create -o CMakeFiles/cmTC_bc81f.dir/CheckFunctionExists.c.o -c /home/hitcrt/Documents/Homework/work3/build/CMakeFiles/CMakeScratch/TryCompile-TtQlNS/CheckFunctionExists.c
Linking C executable cmTC_bc81f
/usr/bin/cmake -E cmake_link_script CMakeFiles/cmTC_bc81f.dir/link.txt --verbose=1
/usr/bin/cc  -DCHECK_FUNCTION_EXISTS=pthread_create CMakeFiles/cmTC_bc81f.dir/CheckFunctionExists.c.o -o cmTC_bc81f  -lpthreads 
/usr/bin/ld: cannot find -lpthreads
collect2: error: ld returned 1 exit status
make[1]: *** [CMakeFiles/cmTC_bc81f.dir/build.make:99: cmTC_bc81f] Error 1
make[1]: Leaving directory '/home/hitcrt/Documents/Homework/work3/build/CMakeFiles/CMakeScratch/TryCompile-TtQlNS'
make: *** [Makefile:127: cmTC_bc81f/fast] Error 2



